[custom_lint client] 2024-04-14T18:24:37.482843 ErrorSeverity: WARNING
The request analysis.setContextRoots failed with the following error:
RequestErrorCode.PLUGIN_ERROR
Failed to decode .dart_tool/package_config.json at /Users/art/Documents/GitHub/branvier_lints/example. Make sure to run `pub get` first.
PathNotFoundException: Cannot open file, path = '/Users/art/Documents/GitHub/branvier_lints/example/.dart_tool/package_config.json' (OS Error: No such file or directory, errno = 2)
#0      _checkForErrorResponse (dart:io/common.dart:55:9)
#1      _File.open.<anonymous closure> (dart:io/file_impl.dart:381:7)
#2      _rootRunUnary (dart:async/zone.dart:1407:47)
#3      _CustomZone.runUnary (dart:async/zone.dart:1308:19)
<asynchronous suspension>
#4      _File.readAsBytes.<anonymous closure> (dart:io/file_impl.dart:562:24)
<asynchronous suspension>
#5      parsePackageConfig (package:custom_lint_core/src/package_utils.dart:161:5)
<asynchronous suspension>
#6      CustomLintProject.parse (package:custom_lint/src/workspace.dart:996:34)
<asynchronous suspension>
#7      Future.wait.<anonymous closure> (dart:async/future.dart:524:21)
<asynchronous suspension>
#8      CustomLintWorkspace.fromContextRoots (package:custom_lint/src/workspace.dart:489:22)
<asynchronous suspension>
#9      SocketCustomLintServerToClientChannel.create (package:custom_lint/src/v2/server_to_client_channel.dart:54:23)
<asynchronous suspension>
#10     CustomLintServer._maybeSpawnCustomLintPlugin (package:custom_lint/src/v2/custom_lint_analyzer_plugin.dart:358:23)
<asynchronous suspension>
#11     CustomLintServer._handleAnalysisSetContextRoots.<anonymous closure> (package:custom_lint/src/v2/custom_lint_analyzer_plugin.dart:339:9)
<asynchronous suspension>
#12     PendingOperation.run (package:custom_lint/src/async_operation.dart:22:14)
<asynchronous suspension>
#13     CustomLintServer._handleRequest (package:custom_lint/src/v2/custom_lint_analyzer_plugin.dart:171:22)
<asynchronous suspension>

at:
#0      CustomLintProject.parse.<anonymous closure> (package:custom_lint/src/workspace.dart:999:7)
#1      _rootRunBinary (dart:async/zone.dart:1423:47)
#2      _CustomZone.runBinary (dart:async/zone.dart:1315:19)
#3      _FutureListener.handleError (dart:async/future_impl.dart:178:22)
#4      Future._propagateToListeners.handleError (dart:async/future_impl.dart:859:47)
#5      Future._propagateToListeners (dart:async/future_impl.dart:880:13)
#6      Future._completeError (dart:async/future_impl.dart:660:5)
<asynchronous suspension>

The request analysis.setSubscriptions failed with the following error:
RequestErrorCode.PLUGIN_ERROR
Failed to decode .dart_tool/package_config.json at /Users/art/Documents/GitHub/branvier_lints/example. Make sure to run `pub get` first.
PathNotFoundException: Cannot open file, path = '/Users/art/Documents/GitHub/branvier_lints/example/.dart_tool/package_config.json' (OS Error: No such file or directory, errno = 2)
#0      _checkForErrorResponse (dart:io/common.dart:55:9)
#1      _File.open.<anonymous closure> (dart:io/file_impl.dart:381:7)
#2      _rootRunUnary (dart:async/zone.dart:1407:47)
#3      _CustomZone.runUnary (dart:async/zone.dart:1308:19)
<asynchronous suspension>
#4      _File.readAsBytes.<anonymous closure> (dart:io/file_impl.dart:562:24)
<asynchronous suspension>
#5      parsePackageConfig (package:custom_lint_core/src/package_utils.dart:161:5)
<asynchronous suspension>
#6      CustomLintProject.parse (package:custom_lint/src/workspace.dart:996:34)
<asynchronous suspension>
#7      Future.wait.<anonymous closure> (dart:async/future.dart:524:21)
<asynchronous suspension>
#8      CustomLintWorkspace.fromContextRoots (package:custom_lint/src/workspace.dart:489:22)
<asynchronous suspension>
#9      SocketCustomLintServerToClientChannel.create (package:custom_lint/src/v2/server_to_client_channel.dart:54:23)
<asynchronous suspension>
#10     CustomLintServer._maybeSpawnCustomLintPlugin (package:custom_lint/src/v2/custom_lint_analyzer_plugin.dart:358:23)
<asynchronous suspension>
#11     CustomLintServer._handleAnalysisSetContextRoots.<anonymous closure> (package:custom_lint/src/v2/custom_lint_analyzer_plugin.dart:339:9)
<asynchronous suspension>
#12     PendingOperation.run (package:custom_lint/src/async_operation.dart:22:14)
<asynchronous suspension>
#13     CustomLintServer._handleRequest (package:custom_lint/src/v2/custom_lint_analyzer_plugin.dart:171:22)
<asynchronous suspension>

at:
#0      CustomLintProject.parse.<anonymous closure> (package:custom_lint/src/workspace.dart:999:7)
#1      _rootRunBinary (dart:async/zone.dart:1423:47)
#2      _CustomZone.runBinary (dart:async/zone.dart:1315:19)
#3      _FutureListener.handleError (dart:async/future_impl.dart:178:22)
#4      Future._propagateToListeners.handleError (dart:async/future_impl.dart:859:47)
#5      Future._propagateToListeners (dart:async/future_impl.dart:880:13)
#6      Future._completeError (dart:async/future_impl.dart:660:5)
<asynchronous suspension>

The request analysis.updateContent failed with the following error:
RequestErrorCode.PLUGIN_ERROR
Failed to decode .dart_tool/package_config.json at /Users/art/Documents/GitHub/branvier_lints/example. Make sure to run `pub get` first.
PathNotFoundException: Cannot open file, path = '/Users/art/Documents/GitHub/branvier_lints/example/.dart_tool/package_config.json' (OS Error: No such file or directory, errno = 2)
#0      _checkForErrorResponse (dart:io/common.dart:55:9)
#1      _File.open.<anonymous closure> (dart:io/file_impl.dart:381:7)
#2      _rootRunUnary (dart:async/zone.dart:1407:47)
#3      _CustomZone.runUnary (dart:async/zone.dart:1308:19)
<asynchronous suspension>
#4      _File.readAsBytes.<anonymous closure> (dart:io/file_impl.dart:562:24)
<asynchronous suspension>
#5      parsePackageConfig (package:custom_lint_core/src/package_utils.dart:161:5)
<asynchronous suspension>
#6      CustomLintProject.parse (package:custom_lint/src/workspace.dart:996:34)
<asynchronous suspension>
#7      Future.wait.<anonymous closure> (dart:async/future.dart:524:21)
<asynchronous suspension>
#8      CustomLintWorkspace.fromContextRoots (package:custom_lint/src/workspace.dart:489:22)
<asynchronous suspension>
#9      SocketCustomLintServerToClientChannel.create (package:custom_lint/src/v2/server_to_client_channel.dart:54:23)
<asynchronous suspension>
#10     CustomLintServer._maybeSpawnCustomLintPlugin (package:custom_lint/src/v2/custom_lint_analyzer_plugin.dart:358:23)
<asynchronous suspension>
#11     CustomLintServer._handleAnalysisSetContextRoots.<anonymous closure> (package:custom_lint/src/v2/custom_lint_analyzer_plugin.dart:339:9)
<asynchronous suspension>
#12     PendingOperation.run (package:custom_lint/src/async_operation.dart:22:14)
<asynchronous suspension>
#13     CustomLintServer._handleRequest (package:custom_lint/src/v2/custom_lint_analyzer_plugin.dart:171:22)
<asynchronous suspension>

at:
#0      CustomLintProject.parse.<anonymous closure> (package:custom_lint/src/workspace.dart:999:7)
#1      _rootRunBinary (dart:async/zone.dart:1423:47)
#2      _CustomZone.runBinary (dart:async/zone.dart:1315:19)
#3      _FutureListener.handleError (dart:async/future_impl.dart:178:22)
#4      Future._propagateToListeners.handleError (dart:async/future_impl.dart:859:47)
#5      Future._propagateToListeners (dart:async/future_impl.dart:880:13)
#6      Future._completeError (dart:async/future_impl.dart:660:5)
<asynchronous suspension>

The request analysis.setPriorityFiles failed with the following error:
RequestErrorCode.PLUGIN_ERROR
Failed to decode .dart_tool/package_config.json at /Users/art/Documents/GitHub/branvier_lints/example. Make sure to run `pub get` first.
PathNotFoundException: Cannot open file, path = '/Users/art/Documents/GitHub/branvier_lints/example/.dart_tool/package_config.json' (OS Error: No such file or directory, errno = 2)
#0      _checkForErrorResponse (dart:io/common.dart:55:9)
#1      _File.open.<anonymous closure> (dart:io/file_impl.dart:381:7)
#2      _rootRunUnary (dart:async/zone.dart:1407:47)
#3      _CustomZone.runUnary (dart:async/zone.dart:1308:19)
<asynchronous suspension>
#4      _File.readAsBytes.<anonymous closure> (dart:io/file_impl.dart:562:24)
<asynchronous suspension>
#5      parsePackageConfig (package:custom_lint_core/src/package_utils.dart:161:5)
<asynchronous suspension>
#6      CustomLintProject.parse (package:custom_lint/src/workspace.dart:996:34)
<asynchronous suspension>
#7      Future.wait.<anonymous closure> (dart:async/future.dart:524:21)
<asynchronous suspension>
#8      CustomLintWorkspace.fromContextRoots (package:custom_lint/src/workspace.dart:489:22)
<asynchronous suspension>
#9      SocketCustomLintServerToClientChannel.create (package:custom_lint/src/v2/server_to_client_channel.dart:54:23)
<asynchronous suspension>
#10     CustomLintServer._maybeSpawnCustomLintPlugin (package:custom_lint/src/v2/custom_lint_analyzer_plugin.dart:358:23)
<asynchronous suspension>
#11     CustomLintServer._handleAnalysisSetContextRoots.<anonymous closure> (package:custom_lint/src/v2/custom_lint_analyzer_plugin.dart:339:9)
<asynchronous suspension>
#12     PendingOperation.run (package:custom_lint/src/async_operation.dart:22:14)
<asynchronous suspension>
#13     CustomLintServer._handleRequest (package:custom_lint/src/v2/custom_lint_analyzer_plugin.dart:171:22)
<asynchronous suspension>

at:
#0      CustomLintProject.parse.<anonymous closure> (package:custom_lint/src/workspace.dart:999:7)
#1      _rootRunBinary (dart:async/zone.dart:1423:47)
#2      _CustomZone.runBinary (dart:async/zone.dart:1315:19)
#3      _FutureListener.handleError (dart:async/future_impl.dart:178:22)
#4      Future._propagateToListeners.handleError (dart:async/future_impl.dart:859:47)
#5      Future._propagateToListeners (dart:async/future_impl.dart:880:13)
#6      Future._completeError (dart:async/future_impl.dart:660:5)
<asynchronous suspension>

The request analysis.updateContent failed with the following error:
RequestErrorCode.PLUGIN_ERROR
Failed to decode .dart_tool/package_config.json at /Users/art/Documents/GitHub/branvier_lints/example. Make sure to run `pub get` first.
PathNotFoundException: Cannot open file, path = '/Users/art/Documents/GitHub/branvier_lints/example/.dart_tool/package_config.json' (OS Error: No such file or directory, errno = 2)
#0      _checkForErrorResponse (dart:io/common.dart:55:9)
#1      _File.open.<anonymous closure> (dart:io/file_impl.dart:381:7)
#2      _rootRunUnary (dart:async/zone.dart:1407:47)
#3      _CustomZone.runUnary (dart:async/zone.dart:1308:19)
<asynchronous suspension>
#4      _File.readAsBytes.<anonymous closure> (dart:io/file_impl.dart:562:24)
<asynchronous suspension>
#5      parsePackageConfig (package:custom_lint_core/src/package_utils.dart:161:5)
<asynchronous suspension>
#6      CustomLintProject.parse (package:custom_lint/src/workspace.dart:996:34)
<asynchronous suspension>
#7      Future.wait.<anonymous closure> (dart:async/future.dart:524:21)
<asynchronous suspension>
#8      CustomLintWorkspace.fromContextRoots (package:custom_lint/src/workspace.dart:489:22)
<asynchronous suspension>
#9      SocketCustomLintServerToClientChannel.create (package:custom_lint/src/v2/server_to_client_channel.dart:54:23)
<asynchronous suspension>
#10     CustomLintServer._maybeSpawnCustomLintPlugin (package:custom_lint/src/v2/custom_lint_analyzer_plugin.dart:358:23)
<asynchronous suspension>
#11     CustomLintServer._handleAnalysisSetContextRoots.<anonymous closure> (package:custom_lint/src/v2/custom_lint_analyzer_plugin.dart:339:9)
<asynchronous suspension>
#12     PendingOperation.run (package:custom_lint/src/async_operation.dart:22:14)
<asynchronous suspension>
#13     CustomLintServer._handleRequest (package:custom_lint/src/v2/custom_lint_analyzer_plugin.dart:171:22)
<asynchronous suspension>

at:
#0      CustomLintProject.parse.<anonymous closure> (package:custom_lint/src/workspace.dart:999:7)
#1      _rootRunBinary (dart:async/zone.dart:1423:47)
#2      _CustomZone.runBinary (dart:async/zone.dart:1315:19)
#3      _FutureListener.handleError (dart:async/future_impl.dart:178:22)
#4      Future._propagateToListeners.handleError (dart:async/future_impl.dart:859:47)
#5      Future._propagateToListeners (dart:async/future_impl.dart:880:13)
#6      Future._completeError (dart:async/future_impl.dart:660:5)
<asynchronous suspension>

The request analysis.setPriorityFiles failed with the following error:
RequestErrorCode.PLUGIN_ERROR
Failed to decode .dart_tool/package_config.json at /Users/art/Documents/GitHub/branvier_lints/example. Make sure to run `pub get` first.
PathNotFoundException: Cannot open file, path = '/Users/art/Documents/GitHub/branvier_lints/example/.dart_tool/package_config.json' (OS Error: No such file or directory, errno = 2)
#0      _checkForErrorResponse (dart:io/common.dart:55:9)
#1      _File.open.<anonymous closure> (dart:io/file_impl.dart:381:7)
#2      _rootRunUnary (dart:async/zone.dart:1407:47)
#3      _CustomZone.runUnary (dart:async/zone.dart:1308:19)
<asynchronous suspension>
#4      _File.readAsBytes.<anonymous closure> (dart:io/file_impl.dart:562:24)
<asynchronous suspension>
#5      parsePackageConfig (package:custom_lint_core/src/package_utils.dart:161:5)
<asynchronous suspension>
#6      CustomLintProject.parse (package:custom_lint/src/workspace.dart:996:34)
<asynchronous suspension>
#7      Future.wait.<anonymous closure> (dart:async/future.dart:524:21)
<asynchronous suspension>
#8      CustomLintWorkspace.fromContextRoots (package:custom_lint/src/workspace.dart:489:22)
<asynchronous suspension>
#9      SocketCustomLintServerToClientChannel.create (package:custom_lint/src/v2/server_to_client_channel.dart:54:23)
<asynchronous suspension>
#10     CustomLintServer._maybeSpawnCustomLintPlugin (package:custom_lint/src/v2/custom_lint_analyzer_plugin.dart:358:23)
<asynchronous suspension>
#11     CustomLintServer._handleAnalysisSetContextRoots.<anonymous closure> (package:custom_lint/src/v2/custom_lint_analyzer_plugin.dart:339:9)
<asynchronous suspension>
#12     PendingOperation.run (package:custom_lint/src/async_operation.dart:22:14)
<asynchronous suspension>
#13     CustomLintServer._handleRequest (package:custom_lint/src/v2/custom_lint_analyzer_plugin.dart:171:22)
<asynchronous suspension>

at:
#0      CustomLintProject.parse.<anonymous closure> (package:custom_lint/src/workspace.dart:999:7)
#1      _rootRunBinary (dart:async/zone.dart:1423:47)
#2      _CustomZone.runBinary (dart:async/zone.dart:1315:19)
#3      _FutureListener.handleError (dart:async/future_impl.dart:178:22)
#4      Future._propagateToListeners.handleError (dart:async/future_impl.dart:859:47)
#5      Future._propagateToListeners (dart:async/future_impl.dart:880:13)
#6      Future._completeError (dart:async/future_impl.dart:660:5)
<asynchronous suspension>

The request analysis.setSubscriptions failed with the following error:
RequestErrorCode.PLUGIN_ERROR
Failed to decode .dart_tool/package_config.json at /Users/art/Documents/GitHub/branvier_lints/example. Make sure to run `pub get` first.
PathNotFoundException: Cannot open file, path = '/Users/art/Documents/GitHub/branvier_lints/example/.dart_tool/package_config.json' (OS Error: No such file or directory, errno = 2)
#0      _checkForErrorResponse (dart:io/common.dart:55:9)
#1      _File.open.<anonymous closure> (dart:io/file_impl.dart:381:7)
#2      _rootRunUnary (dart:async/zone.dart:1407:47)
#3      _CustomZone.runUnary (dart:async/zone.dart:1308:19)
<asynchronous suspension>
#4      _File.readAsBytes.<anonymous closure> (dart:io/file_impl.dart:562:24)
<asynchronous suspension>
#5      parsePackageConfig (package:custom_lint_core/src/package_utils.dart:161:5)
<asynchronous suspension>
#6      CustomLintProject.parse (package:custom_lint/src/workspace.dart:996:34)
<asynchronous suspension>
#7      Future.wait.<anonymous closure> (dart:async/future.dart:524:21)
<asynchronous suspension>
#8      CustomLintWorkspace.fromContextRoots (package:custom_lint/src/workspace.dart:489:22)
<asynchronous suspension>
#9      SocketCustomLintServerToClientChannel.create (package:custom_lint/src/v2/server_to_client_channel.dart:54:23)
<asynchronous suspension>
#10     CustomLintServer._maybeSpawnCustomLintPlugin (package:custom_lint/src/v2/custom_lint_analyzer_plugin.dart:358:23)
<asynchronous suspension>
#11     CustomLintServer._handleAnalysisSetContextRoots.<anonymous closure> (package:custom_lint/src/v2/custom_lint_analyzer_plugin.dart:339:9)
<asynchronous suspension>
#12     PendingOperation.run (package:custom_lint/src/async_operation.dart:22:14)
<asynchronous suspension>
#13     CustomLintServer._handleRequest (package:custom_lint/src/v2/custom_lint_analyzer_plugin.dart:171:22)
<asynchronous suspension>

at:
#0      CustomLintProject.parse.<anonymous closure> (package:custom_lint/src/workspace.dart:999:7)
#1      _rootRunBinary (dart:async/zone.dart:1423:47)
#2      _CustomZone.runBinary (dart:async/zone.dart:1315:19)
#3      _FutureListener.handleError (dart:async/future_impl.dart:178:22)
#4      Future._propagateToListeners.handleError (dart:async/future_impl.dart:859:47)
#5      Future._propagateToListeners (dart:async/future_impl.dart:880:13)
#6      Future._completeError (dart:async/future_impl.dart:660:5)
<asynchronous suspension>

The request analysis.updateContent failed with the following error:
RequestErrorCode.PLUGIN_ERROR
Failed to decode .dart_tool/package_config.json at /Users/art/Documents/GitHub/branvier_lints/example. Make sure to run `pub get` first.
PathNotFoundException: Cannot open file, path = '/Users/art/Documents/GitHub/branvier_lints/example/.dart_tool/package_config.json' (OS Error: No such file or directory, errno = 2)
#0      _checkForErrorResponse (dart:io/common.dart:55:9)
#1      _File.open.<anonymous closure> (dart:io/file_impl.dart:381:7)
#2      _rootRunUnary (dart:async/zone.dart:1407:47)
#3      _CustomZone.runUnary (dart:async/zone.dart:1308:19)
<asynchronous suspension>
#4      _File.readAsBytes.<anonymous closure> (dart:io/file_impl.dart:562:24)
<asynchronous suspension>
#5      parsePackageConfig (package:custom_lint_core/src/package_utils.dart:161:5)
<asynchronous suspension>
#6      CustomLintProject.parse (package:custom_lint/src/workspace.dart:996:34)
<asynchronous suspension>
#7      Future.wait.<anonymous closure> (dart:async/future.dart:524:21)
<asynchronous suspension>
#8      CustomLintWorkspace.fromContextRoots (package:custom_lint/src/workspace.dart:489:22)
<asynchronous suspension>
#9      SocketCustomLintServerToClientChannel.create (package:custom_lint/src/v2/server_to_client_channel.dart:54:23)
<asynchronous suspension>
#10     CustomLintServer._maybeSpawnCustomLintPlugin (package:custom_lint/src/v2/custom_lint_analyzer_plugin.dart:358:23)
<asynchronous suspension>
#11     CustomLintServer._handleAnalysisSetContextRoots.<anonymous closure> (package:custom_lint/src/v2/custom_lint_analyzer_plugin.dart:339:9)
<asynchronous suspension>
#12     PendingOperation.run (package:custom_lint/src/async_operation.dart:22:14)
<asynchronous suspension>
#13     CustomLintServer._handleRequest (package:custom_lint/src/v2/custom_lint_analyzer_plugin.dart:171:22)
<asynchronous suspension>

at:
#0      CustomLintProject.parse.<anonymous closure> (package:custom_lint/src/workspace.dart:999:7)
#1      _rootRunBinary (dart:async/zone.dart:1423:47)
#2      _CustomZone.runBinary (dart:async/zone.dart:1315:19)
#3      _FutureListener.handleError (dart:async/future_impl.dart:178:22)
#4      Future._propagateToListeners.handleError (dart:async/future_impl.dart:859:47)
#5      Future._propagateToListeners (dart:async/future_impl.dart:880:13)
#6      Future._completeError (dart:async/future_impl.dart:660:5)
<asynchronous suspension>

The request analysis.setPriorityFiles failed with the following error:
RequestErrorCode.PLUGIN_ERROR
Failed to decode .dart_tool/package_config.json at /Users/art/Documents/GitHub/branvier_lints/example. Make sure to run `pub get` first.
PathNotFoundException: Cannot open file, path = '/Users/art/Documents/GitHub/branvier_lints/example/.dart_tool/package_config.json' (OS Error: No such file or directory, errno = 2)
#0      _checkForErrorResponse (dart:io/common.dart:55:9)
#1      _File.open.<anonymous closure> (dart:io/file_impl.dart:381:7)
#2      _rootRunUnary (dart:async/zone.dart:1407:47)
#3      _CustomZone.runUnary (dart:async/zone.dart:1308:19)
<asynchronous suspension>
#4      _File.readAsBytes.<anonymous closure> (dart:io/file_impl.dart:562:24)
<asynchronous suspension>
#5      parsePackageConfig (package:custom_lint_core/src/package_utils.dart:161:5)
<asynchronous suspension>
#6      CustomLintProject.parse (package:custom_lint/src/workspace.dart:996:34)
<asynchronous suspension>
#7      Future.wait.<anonymous closure> (dart:async/future.dart:524:21)
<asynchronous suspension>
#8      CustomLintWorkspace.fromContextRoots (package:custom_lint/src/workspace.dart:489:22)
<asynchronous suspension>
#9      SocketCustomLintServerToClientChannel.create (package:custom_lint/src/v2/server_to_client_channel.dart:54:23)
<asynchronous suspension>
#10     CustomLintServer._maybeSpawnCustomLintPlugin (package:custom_lint/src/v2/custom_lint_analyzer_plugin.dart:358:23)
<asynchronous suspension>
#11     CustomLintServer._handleAnalysisSetContextRoots.<anonymous closure> (package:custom_lint/src/v2/custom_lint_analyzer_plugin.dart:339:9)
<asynchronous suspension>
#12     PendingOperation.run (package:custom_lint/src/async_operation.dart:22:14)
<asynchronous suspension>
#13     CustomLintServer._handleRequest (package:custom_lint/src/v2/custom_lint_analyzer_plugin.dart:171:22)
<asynchronous suspension>

at:
#0      CustomLintProject.parse.<anonymous closure> (package:custom_lint/src/workspace.dart:999:7)
#1      _rootRunBinary (dart:async/zone.dart:1423:47)
#2      _CustomZone.runBinary (dart:async/zone.dart:1315:19)
#3      _FutureListener.handleError (dart:async/future_impl.dart:178:22)
#4      Future._propagateToListeners.handleError (dart:async/future_impl.dart:859:47)
#5      Future._propagateToListeners (dart:async/future_impl.dart:880:13)
#6      Future._completeError (dart:async/future_impl.dart:660:5)
<asynchronous suspension>

The request analysis.setSubscriptions failed with the following error:
RequestErrorCode.PLUGIN_ERROR
Failed to decode .dart_tool/package_config.json at /Users/art/Documents/GitHub/branvier_lints/example. Make sure to run `pub get` first.
PathNotFoundException: Cannot open file, path = '/Users/art/Documents/GitHub/branvier_lints/example/.dart_tool/package_config.json' (OS Error: No such file or directory, errno = 2)
#0      _checkForErrorResponse (dart:io/common.dart:55:9)
#1      _File.open.<anonymous closure> (dart:io/file_impl.dart:381:7)
#2      _rootRunUnary (dart:async/zone.dart:1407:47)
#3      _CustomZone.runUnary (dart:async/zone.dart:1308:19)
<asynchronous suspension>
#4      _File.readAsBytes.<anonymous closure> (dart:io/file_impl.dart:562:24)
<asynchronous suspension>
#5      parsePackageConfig (package:custom_lint_core/src/package_utils.dart:161:5)
<asynchronous suspension>
#6      CustomLintProject.parse (package:custom_lint/src/workspace.dart:996:34)
<asynchronous suspension>
#7      Future.wait.<anonymous closure> (dart:async/future.dart:524:21)
<asynchronous suspension>
#8      CustomLintWorkspace.fromContextRoots (package:custom_lint/src/workspace.dart:489:22)
<asynchronous suspension>
#9      SocketCustomLintServerToClientChannel.create (package:custom_lint/src/v2/server_to_client_channel.dart:54:23)
<asynchronous suspension>
#10     CustomLintServer._maybeSpawnCustomLintPlugin (package:custom_lint/src/v2/custom_lint_analyzer_plugin.dart:358:23)
<asynchronous suspension>
#11     CustomLintServer._handleAnalysisSetContextRoots.<anonymous closure> (package:custom_lint/src/v2/custom_lint_analyzer_plugin.dart:339:9)
<asynchronous suspension>
#12     PendingOperation.run (package:custom_lint/src/async_operation.dart:22:14)
<asynchronous suspension>
#13     CustomLintServer._handleRequest (package:custom_lint/src/v2/custom_lint_analyzer_plugin.dart:171:22)
<asynchronous suspension>

at:
#0      CustomLintProject.parse.<anonymous closure> (package:custom_lint/src/workspace.dart:999:7)
#1      _rootRunBinary (dart:async/zone.dart:1423:47)
#2      _CustomZone.runBinary (dart:async/zone.dart:1315:19)
#3      _FutureListener.handleError (dart:async/future_impl.dart:178:22)
#4      Future._propagateToListeners.handleError (dart:async/future_impl.dart:859:47)
#5      Future._propagateToListeners (dart:async/future_impl.dart:880:13)
#6      Future._completeError (dart:async/future_impl.dart:660:5)
<asynchronous suspension>

The request edit.getFixes failed with the following error:
RequestErrorCode.PLUGIN_ERROR
Failed to decode .dart_tool/package_config.json at /Users/art/Documents/GitHub/branvier_lints/example. Make sure to run `pub get` first.
PathNotFoundException: Cannot open file, path = '/Users/art/Documents/GitHub/branvier_lints/example/.dart_tool/package_config.json' (OS Error: No such file or directory, errno = 2)
#0      _checkForErrorResponse (dart:io/common.dart:55:9)
#1      _File.open.<anonymous closure> (dart:io/file_impl.dart:381:7)
#2      _rootRunUnary (dart:async/zone.dart:1407:47)
#3      _CustomZone.runUnary (dart:async/zone.dart:1308:19)
<asynchronous suspension>
#4      _File.readAsBytes.<anonymous closure> (dart:io/file_impl.dart:562:24)
<asynchronous suspension>
#5      parsePackageConfig (package:custom_lint_core/src/package_utils.dart:161:5)
<asynchronous suspension>
#6      CustomLintProject.parse (package:custom_lint/src/workspace.dart:996:34)
<asynchronous suspension>
#7      Future.wait.<anonymous closure> (dart:async/future.dart:524:21)
<asynchronous suspension>
#8      CustomLintWorkspace.fromContextRoots (package:custom_lint/src/workspace.dart:489:22)
<asynchronous suspension>
#9      SocketCustomLintServerToClientChannel.create (package:custom_lint/src/v2/server_to_client_channel.dart:54:23)
<asynchronous suspension>
#10     CustomLintServer._maybeSpawnCustomLintPlugin (package:custom_lint/src/v2/custom_lint_analyzer_plugin.dart:358:23)
<asynchronous suspension>
#11     CustomLintServer._handleAnalysisSetContextRoots.<anonymous closure> (package:custom_lint/src/v2/custom_lint_analyzer_plugin.dart:339:9)
<asynchronous suspension>
#12     PendingOperation.run (package:custom_lint/src/async_operation.dart:22:14)
<asynchronous suspension>
#13     CustomLintServer._handleRequest (package:custom_lint/src/v2/custom_lint_analyzer_plugin.dart:171:22)
<asynchronous suspension>

at:
#0      CustomLintProject.parse.<anonymous closure> (package:custom_lint/src/workspace.dart:999:7)
#1      _rootRunBinary (dart:async/zone.dart:1423:47)
#2      _CustomZone.runBinary (dart:async/zone.dart:1315:19)
#3      _FutureListener.handleError (dart:async/future_impl.dart:178:22)
#4      Future._propagateToListeners.handleError (dart:async/future_impl.dart:859:47)
#5      Future._propagateToListeners (dart:async/future_impl.dart:880:13)
#6      Future._completeError (dart:async/future_impl.dart:660:5)
<asynchronous suspension>

The request edit.getAssists failed with the following error:
RequestErrorCode.PLUGIN_ERROR
Failed to decode .dart_tool/package_config.json at /Users/art/Documents/GitHub/branvier_lints/example. Make sure to run `pub get` first.
PathNotFoundException: Cannot open file, path = '/Users/art/Documents/GitHub/branvier_lints/example/.dart_tool/package_config.json' (OS Error: No such file or directory, errno = 2)
#0      _checkForErrorResponse (dart:io/common.dart:55:9)
#1      _File.open.<anonymous closure> (dart:io/file_impl.dart:381:7)
#2      _rootRunUnary (dart:async/zone.dart:1407:47)
#3      _CustomZone.runUnary (dart:async/zone.dart:1308:19)
<asynchronous suspension>
#4      _File.readAsBytes.<anonymous closure> (dart:io/file_impl.dart:562:24)
<asynchronous suspension>
#5      parsePackageConfig (package:custom_lint_core/src/package_utils.dart:161:5)
<asynchronous suspension>
#6      CustomLintProject.parse (package:custom_lint/src/workspace.dart:996:34)
<asynchronous suspension>
#7      Future.wait.<anonymous closure> (dart:async/future.dart:524:21)
<asynchronous suspension>
#8      CustomLintWorkspace.fromContextRoots (package:custom_lint/src/workspace.dart:489:22)
<asynchronous suspension>
#9      SocketCustomLintServerToClientChannel.create (package:custom_lint/src/v2/server_to_client_channel.dart:54:23)
<asynchronous suspension>
#10     CustomLintServer._maybeSpawnCustomLintPlugin (package:custom_lint/src/v2/custom_lint_analyzer_plugin.dart:358:23)
<asynchronous suspension>
#11     CustomLintServer._handleAnalysisSetContextRoots.<anonymous closure> (package:custom_lint/src/v2/custom_lint_analyzer_plugin.dart:339:9)
<asynchronous suspension>
#12     PendingOperation.run (package:custom_lint/src/async_operation.dart:22:14)
<asynchronous suspension>
#13     CustomLintServer._handleRequest (package:custom_lint/src/v2/custom_lint_analyzer_plugin.dart:171:22)
<asynchronous suspension>

at:
#0      CustomLintProject.parse.<anonymous closure> (package:custom_lint/src/workspace.dart:999:7)
#1      _rootRunBinary (dart:async/zone.dart:1423:47)
#2      _CustomZone.runBinary (dart:async/zone.dart:1315:19)
#3      _FutureListener.handleError (dart:async/future_impl.dart:178:22)
#4      Future._propagateToListeners.handleError (dart:async/future_impl.dart:859:47)
#5      Future._propagateToListeners (dart:async/future_impl.dart:880:13)
#6      Future._completeError (dart:async/future_impl.dart:660:5)
<asynchronous suspension>

[custom_lint] 2024-12-13T16:38:06.502608 /Users/art/.pub-cache/hosted/pub.dev/solid_lints-0.1.5/lib/src/models/rule_config.dart:2:1: Error: 'LintCode' is imported from both 'package:analyzer/src/dart/error/lint_codes.dart' and 'package:custom_lint_core/src/lint_codes.dart'.
[custom_lint] 2024-12-13T16:38:06.502608 import 'package:custom_lint_builder/custom_lint_builder.dart';
[custom_lint] 2024-12-13T16:38:06.502608 ^^^^^^^^
[custom_lint] 2024-12-13T16:38:06.502608 /Users/art/.pub-cache/hosted/pub.dev/solid_lints-0.1.5/lib/src/utils/parameter_utils.dart:3:1: Error: 'LintCode' is imported from both 'package:analyzer/src/dart/error/lint_codes.dart' and 'package:custom_lint_core/src/lint_codes.dart'.
[custom_lint] 2024-12-13T16:38:06.502608 import 'package:custom_lint_builder/custom_lint_builder.dart';
[custom_lint] 2024-12-13T16:38:06.502608 ^^^^^^^^
[custom_lint] 2024-12-13T16:38:06.502608 /Users/art/.pub-cache/hosted/pub.dev/solid_lints-0.1.5/lib/src/lints/avoid_unnecessary_type_assertions/avoid_unnecessary_type_assertions_rule.dart:48:37: Error: 'LintCode' is imported from both 'package:analyzer/src/dart/error/lint_codes.dart' and 'package:custom_lint_core/src/lint_codes.dart'.
[custom_lint] 2024-12-13T16:38:06.502608   static const _unnecessaryIsCode = LintCode(
[custom_lint] 2024-12-13T16:38:06.502608                                     ^^^^^^^^
[custom_lint] 2024-12-13T16:38:06.502608 /Users/art/.pub-cache/hosted/pub.dev/solid_lints-0.1.5/lib/src/lints/avoid_unnecessary_type_assertions/avoid_unnecessary_type_assertions_rule.dart:53:44: Error: 'LintCode' is imported from both 'package:analyzer/src/dart/error/lint_codes.dart' and 'package:custom_lint_core/src/lint_codes.dart'.
[custom_lint] 2024-12-13T16:38:06.502608   static const _unnecessaryWhereTypeCode = LintCode(
[custom_lint] 2024-12-13T16:38:06.502608                                            ^^^^^^^^
[custom_lint] 2024-12-13T16:38:06.502608 /Users/art/.pub-cache/hosted/pub.dev/solid_lints-0.1.5/lib/src/lints/double_literal_format/double_literal_format_rule.dart:37:35: Error: 'LintCode' is imported from both 'package:analyzer/src/dart/error/lint_codes.dart' and 'package:custom_lint_core/src/lint_codes.dart'.
[custom_lint] 2024-12-13T16:38:06.502608   static const _leadingZeroCode = LintCode(
[custom_lint] 2024-12-13T16:38:06.502608                                   ^^^^^^^^
[custom_lint] 2024-12-13T16:38:06.502608 /Users/art/.pub-cache/hosted/pub.dev/solid_lints-0.1.5/lib/src/lints/double_literal_format/double_literal_format_rule.dart:45:38: Error: 'LintCode' is imported from both 'package:analyzer/src/dart/error/lint_codes.dart' and 'package:custom_lint_core/src/lint_codes.dart'.
[custom_lint] 2024-12-13T16:38:06.502608   static const _leadingDecimalCode = LintCode(
[custom_lint] 2024-12-13T16:38:06.502608                                      ^^^^^^^^
[custom_lint] 2024-12-13T16:38:06.502608 /Users/art/.pub-cache/hosted/pub.dev/solid_lints-0.1.5/lib/src/lints/double_literal_format/double_literal_format_rule.dart:54:36: Error: 'LintCode' is imported from both 'package:analyzer/src/dart/error/lint_codes.dart' and 'package:custom_lint_core/src/lint_codes.dart'.
[custom_lint] 2024-12-13T16:38:06.502608   static const _trailingZeroCode = LintCode(
[custom_lint] 2024-12-13T16:38:06.502608                                    ^^^^^^^^
[custom_lint] 2024-12-13T16:38:06.502608 /Users/art/.pub-cache/hosted/pub.dev/solid_lints-0.1.5/lib/src/models/rule_config.dart:38:28: Error: 'LintCode' is imported from both 'package:analyzer/src/dart/error/lint_codes.dart' and 'package:custom_lint_core/src/lint_codes.dart'.
[custom_lint] 2024-12-13T16:38:06.502608   LintCode get lintCode => LintCode(
[custom_lint] 2024-12-13T16:38:06.502608                            ^^^^^^^^
[custom_lint] 2024-12-13T16:38:06.502608 /Users/art/.pub-cache/hosted/pub.dev/solid_lints-0.1.5/lib/src/utils/parameter_utils.dart:36:7: Error: 'LintCode' is imported from both 'package:analyzer/src/dart/error/lint_codes.dart' and 'package:custom_lint_core/src/lint_codes.dart'.
[custom_lint] 2024-12-13T16:38:06.502608       LintCode(
[custom_lint] 2024-12-13T16:38:06.502608       ^^^^^^^^
[custom_lint] 2024-12-13T16:38:06.502608
[custom_lint] 2024-12-13T16:38:06.502608
Failed to start pluginsThe request analysis.setContextRoots failed with the following error:
RequestErrorCode.PLUGIN_ERROR
Bad state: Failed to start the plugins.
at:
#0      SocketCustomLintServerToClientChannel._checkInitializationFail.<anonymous closure> (package:custom_lint/src/v2/server_to_client_channel.dart:223:11)
<asynchronous suspension>
#1      Future.any.onValue (dart:async/future.dart:614:5)
<asynchronous suspension>

[custom_lint] 2024-12-13T16:41:09.717857 /Users/art/.pub-cache/hosted/pub.dev/solid_lints-0.1.5/lib/src/models/rule_config.dart:2:1: Error: 'LintCode' is imported from both 'package:analyzer/src/dart/error/lint_codes.dart' and 'package:custom_lint_core/src/lint_codes.dart'.
[custom_lint] 2024-12-13T16:41:09.717857 import 'package:custom_lint_builder/custom_lint_builder.dart';
[custom_lint] 2024-12-13T16:41:09.717857 ^^^^^^^^
[custom_lint] 2024-12-13T16:41:09.717857 /Users/art/.pub-cache/hosted/pub.dev/solid_lints-0.1.5/lib/src/utils/parameter_utils.dart:3:1: Error: 'LintCode' is imported from both 'package:analyzer/src/dart/error/lint_codes.dart' and 'package:custom_lint_core/src/lint_codes.dart'.
[custom_lint] 2024-12-13T16:41:09.717857 import 'package:custom_lint_builder/custom_lint_builder.dart';
[custom_lint] 2024-12-13T16:41:09.717857 ^^^^^^^^
[custom_lint] 2024-12-13T16:41:09.717857 /Users/art/.pub-cache/hosted/pub.dev/solid_lints-0.1.5/lib/src/lints/avoid_unnecessary_type_assertions/avoid_unnecessary_type_assertions_rule.dart:48:37: Error: 'LintCode' is imported from both 'package:analyzer/src/dart/error/lint_codes.dart' and 'package:custom_lint_core/src/lint_codes.dart'.
[custom_lint] 2024-12-13T16:41:09.717857   static const _unnecessaryIsCode = LintCode(
[custom_lint] 2024-12-13T16:41:09.717857                                     ^^^^^^^^
[custom_lint] 2024-12-13T16:41:09.717857 /Users/art/.pub-cache/hosted/pub.dev/solid_lints-0.1.5/lib/src/lints/avoid_unnecessary_type_assertions/avoid_unnecessary_type_assertions_rule.dart:53:44: Error: 'LintCode' is imported from both 'package:analyzer/src/dart/error/lint_codes.dart' and 'package:custom_lint_core/src/lint_codes.dart'.
[custom_lint] 2024-12-13T16:41:09.717857   static const _unnecessaryWhereTypeCode = LintCode(
[custom_lint] 2024-12-13T16:41:09.717857                                            ^^^^^^^^
[custom_lint] 2024-12-13T16:41:09.717857 /Users/art/.pub-cache/hosted/pub.dev/solid_lints-0.1.5/lib/src/lints/double_literal_format/double_literal_format_rule.dart:37:35: Error: 'LintCode' is imported from both 'package:analyzer/src/dart/error/lint_codes.dart' and 'package:custom_lint_core/src/lint_codes.dart'.
[custom_lint] 2024-12-13T16:41:09.717857   static const _leadingZeroCode = LintCode(
[custom_lint] 2024-12-13T16:41:09.717857                                   ^^^^^^^^
[custom_lint] 2024-12-13T16:41:09.717857 /Users/art/.pub-cache/hosted/pub.dev/solid_lints-0.1.5/lib/src/lints/double_literal_format/double_literal_format_rule.dart:45:38: Error: 'LintCode' is imported from both 'package:analyzer/src/dart/error/lint_codes.dart' and 'package:custom_lint_core/src/lint_codes.dart'.
[custom_lint] 2024-12-13T16:41:09.717857   static const _leadingDecimalCode = LintCode(
[custom_lint] 2024-12-13T16:41:09.717857                                      ^^^^^^^^
[custom_lint] 2024-12-13T16:41:09.717857 /Users/art/.pub-cache/hosted/pub.dev/solid_lints-0.1.5/lib/src/lints/double_literal_format/double_literal_format_rule.dart:54:36: Error: 'LintCode' is imported from both 'package:analyzer/src/dart/error/lint_codes.dart' and 'package:custom_lint_core/src/lint_codes.dart'.
[custom_lint] 2024-12-13T16:41:09.717857   static const _trailingZeroCode = LintCode(
[custom_lint] 2024-12-13T16:41:09.717857                                    ^^^^^^^^
[custom_lint] 2024-12-13T16:41:09.717857 /Users/art/.pub-cache/hosted/pub.dev/solid_lints-0.1.5/lib/src/models/rule_config.dart:38:28: Error: 'LintCode' is imported from both 'package:analyzer/src/dart/error/lint_codes.dart' and 'package:custom_lint_core/src/lint_codes.dart'.
[custom_lint] 2024-12-13T16:41:09.717857   LintCode get lintCode => LintCode(
[custom_lint] 2024-12-13T16:41:09.717857                            ^^^^^^^^
[custom_lint] 2024-12-13T16:41:09.717857 /Users/art/.pub-cache/hosted/pub.dev/solid_lints-0.1.5/lib/src/utils/parameter_utils.dart:36:7: Error: 'LintCode' is imported from both 'package:analyzer/src/dart/error/lint_codes.dart' and 'package:custom_lint_core/src/lint_codes.dart'.
[custom_lint] 2024-12-13T16:41:09.717857       LintCode(
[custom_lint] 2024-12-13T16:41:09.717857       ^^^^^^^^
[custom_lint] 2024-12-13T16:41:09.717857
[custom_lint] 2024-12-13T16:41:09.717857
Failed to start pluginsThe request analysis.setContextRoots failed with the following error:
RequestErrorCode.PLUGIN_ERROR
Bad state: Failed to start the plugins.
at:
#0      SocketCustomLintServerToClientChannel._checkInitializationFail.<anonymous closure> (package:custom_lint/src/v2/server_to_client_channel.dart:223:11)
<asynchronous suspension>
#1      Future.any.onValue (dart:async/future.dart:614:5)
<asynchronous suspension>

