The request analysis.setContextRoots failed with the following error:
RequestErrorCode.PLUGIN_ERROR
Exception: Failed to run "pub get" in the client project:
Resolving dependencies...

Because solid_lints ^0.2.0 depends on custom_lint_builder ^0.6.7 and every version of branvier_lints from path depends on custom_lint_builder ^0.7.5, solid_lints ^0.2.0 is incompatible with branvier_lints from path.
So, because custom_lint_client depends on branvier_lints from path which depends on solid_lints ^0.2.2, version solving failed.
Failed to update packages.

at:
#0      CustomLintWorkspace.runPubGet (package:custom_lint/src/workspace.dart:764:7)
<asynchronous suspension>
#1      CustomLintWorkspace.resolvePluginHost (package:custom_lint/src/workspace.dart:748:5)
<asynchronous suspension>
#2      SocketCustomLintServerToClientChannel._startProcess (package:custom_lint/src/v2/server_to_client_channel.dart:151:7)
<asynchronous suspension>
#3      SocketCustomLintServerToClientChannel.init (package:custom_lint/src/v2/server_to_client_channel.dart:111:21)
<asynchronous suspension>
#4      CustomLintServer._maybeSpawnCustomLintPlugin (package:custom_lint/src/v2/custom_lint_analyzer_plugin.dart:394:5)
<asynchronous suspension>
#5      CustomLintServer._handleAnalysisSetContextRoots.<anonymous closure> (package:custom_lint/src/v2/custom_lint_analyzer_plugin.dart:341:9)
<asynchronous suspension>
#6      PendingOperation.run (package:custom_lint/src/async_operation.dart:22:14)
<asynchronous suspension>
#7      CustomLintServer._handleRequest (package:custom_lint/src/v2/custom_lint_analyzer_plugin.dart:173:22)
<asynchronous suspension>

[custom_lint] 2025-03-28T02:14:57.959598 Error: Couldn't resolve the package 'solid_lints' in 'package:solid_lints/solid_lints.dart'.
[custom_lint] 2025-03-28T02:14:57.959598 /Users/art/Documents/GitHub/branvier_lints/lib/branvier_lints.dart:13:8: Error: Not found: 'package:solid_lints/solid_lints.dart'
[custom_lint] 2025-03-28T02:14:57.959598 import 'package:solid_lints/solid_lints.dart' as solid;
[custom_lint] 2025-03-28T02:14:57.959598        ^
[custom_lint] 2025-03-28T02:14:57.959598 /Users/art/Documents/GitHub/branvier_lints/lib/branvier_lints.dart:25:18: Error: Method not found: 'createPlugin'.
[custom_lint] 2025-03-28T02:14:57.959598         ...solid.createPlugin().getLintRules(configs),
[custom_lint] 2025-03-28T02:14:57.959598                  ^^^^^^^^^^^^
[custom_lint] 2025-03-28T02:14:57.959598 /Users/art/Documents/GitHub/branvier_lints/lib/branvier_lints.dart:31:18: Error: Method not found: 'createPlugin'.
[custom_lint] 2025-03-28T02:14:57.959598         ...solid.createPlugin().getAssists(),
[custom_lint] 2025-03-28T02:14:57.959598                  ^^^^^^^^^^^^
[custom_lint] 2025-03-28T02:14:57.959598
[custom_lint] 2025-03-28T02:14:57.959598
Failed to start pluginsThe request analysis.setContextRoots failed with the following error:
RequestErrorCode.PLUGIN_ERROR
Bad state: Failed to start the plugins.
at:
#0      SocketCustomLintServerToClientChannel._checkInitializationFail.<anonymous closure> (package:custom_lint/src/v2/server_to_client_channel.dart:223:11)
<asynchronous suspension>
#1      Future.any.onValue (dart:async/future.dart:623:5)
<asynchronous suspension>

[custom_lint] 2025-03-28T02:15:17.197813 Error: Couldn't resolve the package 'solid_lints' in 'package:solid_lints/solid_lints.dart'.
[custom_lint] 2025-03-28T02:15:17.197813 /Users/art/Documents/GitHub/branvier_lints/lib/branvier_lints.dart:13:8: Error: Not found: 'package:solid_lints/solid_lints.dart'
[custom_lint] 2025-03-28T02:15:17.197813 import 'package:solid_lints/solid_lints.dart' as solid;
[custom_lint] 2025-03-28T02:15:17.197813        ^
[custom_lint] 2025-03-28T02:15:17.197813 /Users/art/Documents/GitHub/branvier_lints/lib/branvier_lints.dart:25:18: Error: Method not found: 'createPlugin'.
[custom_lint] 2025-03-28T02:15:17.197813         ...solid.createPlugin().getLintRules(configs),
[custom_lint] 2025-03-28T02:15:17.197813                  ^^^^^^^^^^^^
[custom_lint] 2025-03-28T02:15:17.197813 /Users/art/Documents/GitHub/branvier_lints/lib/branvier_lints.dart:31:18: Error: Method not found: 'createPlugin'.
[custom_lint] 2025-03-28T02:15:17.197813         ...solid.createPlugin().getAssists(),
[custom_lint] 2025-03-28T02:15:17.197813                  ^^^^^^^^^^^^
[custom_lint] 2025-03-28T02:15:17.197813
[custom_lint] 2025-03-28T02:15:17.197813
Failed to start pluginsThe request analysis.setContextRoots failed with the following error:
RequestErrorCode.PLUGIN_ERROR
Bad state: Failed to start the plugins.
at:
#0      SocketCustomLintServerToClientChannel._checkInitializationFail.<anonymous closure> (package:custom_lint/src/v2/server_to_client_channel.dart:223:11)
<asynchronous suspension>
#1      Future.any.onValue (dart:async/future.dart:623:5)
<asynchronous suspension>

